<?xml version="1.0" encoding="UTF-8"?>
<!-- Generated by org.testng.reporters.JUnitReportReporter -->
<testsuite hostname="DESKTOP-0MGR9KI" failures="0" tests="2" name="com.contactdiary.appium.ContactDiaryTest" time="23.627" errors="0" timestamp="2022-06-22T19:14:52 ICT" skipped="0">
  <testcase classname="com.contactdiary.appium.ContactDiaryTest" name="test_gotoEventActivity" time="0.783"/>
  <system-out/>
  <testcase classname="com.contactdiary.appium.ContactDiaryTest" name="test_functionEvent" time="22.844"/>
  <system-out/>
</testsuite> <!-- com.contactdiary.appium.ContactDiaryTest -->
