<?xml version="1.0" encoding="UTF-8"?>
<!-- Generated by org.testng.reporters.JUnitReportReporter -->
<testsuite hostname="DESKTOP-0MGR9KI" failures="0" tests="2" name="com.contactdiary.appium.ContactDiaryTest" time="27.588" errors="0" timestamp="2022-06-22T14:56:43 ICT" skipped="0">
  <testcase classname="com.contactdiary.appium.ContactDiaryTest" name="test_gotoEventActivity" time="0.794"/>
  <system-out/>
  <testcase classname="com.contactdiary.appium.ContactDiaryTest" name="test_functionEvent" time="26.794"/>
  <system-out/>
</testsuite> <!-- com.contactdiary.appium.ContactDiaryTest -->
